<?xml version="1.0" encoding="UTF-8"?>
<!-- Generated by org.testng.reporters.JUnitReportReporter -->
<testsuite hostname="DESKTOP-M15HA42" failures="0" tests="1" name="com.crm.practice2.Demo1" time="0.016" errors="0" timestamp="2021-12-10T12:29:51 IST" skipped="0">
  <testcase classname="com.crm.practice2.Demo1" name="gitHub" time="0.016"/>
  <system-out/>
</testsuite> <!-- com.crm.practice2.Demo1 -->
